# JRE version: Java(TM) SE Runtime Environment (14.0.2+12) (build 14.0.2+12-46)
# Java VM: Java HotSpot(TM) 64-Bit Server VM (14.0.2+12-46, mixed mode, sharing, tiered, compressed oops, g1 gc, windows-amd64)
Heap:
 garbage-first heap   total 184320K, used 110669K [0x00000000c1800000, 0x0000000100000000)
  region size 1024K, 4 young (4096K), 1 survivors (1024K)
 Metaspace       used 9603K, capacity 9931K, committed 9984K, reserved 1058816K
  class space    used 1123K, capacity 1275K, committed 1280K, reserved 1048576K
GC Heap History (10 events):
Event: 0.505 GC heap before
{Heap before GC invocations=0 (full 0):
 garbage-first heap   total 65536K, used 10240K [0x00000000c1800000, 0x0000000100000000)
  region size 1024K, 8 young (8192K), 0 survivors (0K)
 Metaspace       used 7501K, capacity 7811K, committed 8064K, reserved 1056768K
  class space    used 891K, capacity 1037K, committed 1152K, reserved 1048576K
}
Event: 0.511 GC heap after
{Heap after GC invocations=1 (full 0):
 garbage-first heap   total 65536K, used 5989K [0x00000000c1800000, 0x0000000100000000)
  region size 1024K, 2 young (2048K), 2 survivors (2048K)
 Metaspace       used 7501K, capacity 7811K, committed 8064K, reserved 1056768K
  class space    used 891K, capacity 1037K, committed 1152K, reserved 1048576K
}
Event: 0.747 GC heap before
{Heap before GC invocations=2 (full 0):
 garbage-first heap   total 173056K, used 109413K [0x00000000c1800000, 0x0000000100000000)
  region size 1024K, 9 young (9216K), 2 survivors (2048K)
 Metaspace       used 7609K, capacity 7939K, committed 8064K, reserved 1056768K
  class space    used 897K, capacity 1037K, committed 1152K, reserved 1048576K
}
Event: 0.750 GC heap after
{Heap after GC invocations=3 (full 0):
 garbage-first heap   total 173056K, used 103494K [0x00000000c1800000, 0x0000000100000000)
  region size 1024K, 1 young (1024K), 1 survivors (1024K)
 Metaspace       used 7609K, capacity 7939K, committed 8064K, reserved 1056768K
  class space    used 897K, capacity 1037K, committed 1152K, reserved 1048576K
}
Event: 0.872 GC heap before
{Heap before GC invocations=3 (full 0):
 garbage-first heap   total 173056K, used 124998K [0x00000000c1800000, 0x0000000100000000)
  region size 1024K, 23 young (23552K), 1 survivors (1024K)
 Metaspace       used 7629K, capacity 7942K, committed 8064K, reserved 1056768K
  class space    used 897K, capacity 1037K, committed 1152K, reserved 1048576K
}
Event: 0.873 GC heap after
{Heap after GC invocations=4 (full 0):
 garbage-first heap   total 173056K, used 103409K [0x00000000c1800000, 0x0000000100000000)
  region size 1024K, 1 young (1024K), 1 survivors (1024K)
 Metaspace       used 7629K, capacity 7942K, committed 8064K, reserved 1056768K
  class space    used 897K, capacity 1037K, committed 1152K, reserved 1048576K
}
Event: 1.150 GC heap before
{Heap before GC invocations=5 (full 0):
 garbage-first heap   total 178176K, used 149489K [0x00000000c1800000, 0x0000000100000000)
  region size 1024K, 46 young (47104K), 1 survivors (1024K)
 Metaspace       used 7629K, capacity 7942K, committed 8064K, reserved 1056768K
  class space    used 897K, capacity 1037K, committed 1152K, reserved 1048576K
}
Event: 1.151 GC heap after
{Heap after GC invocations=6 (full 0):
 garbage-first heap   total 178176K, used 103339K [0x00000000c1800000, 0x0000000100000000)
  region size 1024K, 1 young (1024K), 1 survivors (1024K)
 Metaspace       used 7629K, capacity 7942K, committed 8064K, reserved 1056768K
  class space    used 897K, capacity 1037K, committed 1152K, reserved 1048576K
}
Event: 1.318 GC heap before
{Heap before GC invocations=6 (full 0):
 garbage-first heap   total 178176K, used 124843K [0x00000000c1800000, 0x0000000100000000)
  region size 1024K, 23 young (23552K), 1 survivors (1024K)
 Metaspace       used 8844K, capacity 9127K, committed 9472K, reserved 1056768K
  class space    used 1048K, capacity 1178K, committed 1280K, reserved 1048576K
}
Event: 1.319 GC heap after
{Heap after GC invocations=7 (full 0):
 garbage-first heap   total 178176K, used 103501K [0x00000000c1800000, 0x0000000100000000)
  region size 1024K, 1 young (1024K), 1 survivors (1024K)
 Metaspace       used 8844K, capacity 9127K, committed 9472K, reserved 1056768K
  class space    used 1048K, capacity 1178K, committed 1280K, reserved 1048576K
}

