# JRE version: Java(TM) SE Runtime Environment (14.0.2+12) (build 14.0.2+12-46)
# Java VM: Java HotSpot(TM) 64-Bit Server VM (14.0.2+12-46, mixed mode, sharing, tiered, compressed oops, g1 gc, windows-amd64)
Heap:
 garbage-first heap   total 78848K, used 44283K [0x00000000c1800000, 0x0000000100000000)
  region size 1024K, 2 young (2048K), 1 survivors (1024K)
 Metaspace       used 10556K, capacity 10855K, committed 11008K, reserved 1058816K
  class space    used 1299K, capacity 1440K, committed 1536K, reserved 1048576K
GC Heap History (8 events):
Event: 0.483 GC heap before
{Heap before GC invocations=0 (full 0):
 garbage-first heap   total 65536K, used 7168K [0x00000000c1800000, 0x0000000100000000)
  region size 1024K, 8 young (8192K), 0 survivors (0K)
 Metaspace       used 9181K, capacity 9509K, committed 9728K, reserved 1058816K
  class space    used 1133K, capacity 1268K, committed 1280K, reserved 1048576K
}
Event: 0.489 GC heap after
{Heap after GC invocations=1 (full 0):
 garbage-first heap   total 65536K, used 3058K [0x00000000c1800000, 0x0000000100000000)
  region size 1024K, 2 young (2048K), 2 survivors (2048K)
 Metaspace       used 9181K, capacity 9509K, committed 9728K, reserved 1058816K
  class space    used 1133K, capacity 1268K, committed 1280K, reserved 1048576K
}
Event: 0.586 GC heap before
{Heap before GC invocations=2 (full 0):
 garbage-first heap   total 65536K, used 44018K [0x00000000c1800000, 0x0000000100000000)
  region size 1024K, 11 young (11264K), 2 survivors (2048K)
 Metaspace       used 9283K, capacity 9576K, committed 9728K, reserved 1058816K
  class space    used 1139K, capacity 1268K, committed 1280K, reserved 1048576K
}
Event: 0.589 GC heap after
{Heap after GC invocations=3 (full 0):
 garbage-first heap   total 65536K, used 36061K [0x00000000c1800000, 0x0000000100000000)
  region size 1024K, 1 young (1024K), 1 survivors (1024K)
 Metaspace       used 9283K, capacity 9576K, committed 9728K, reserved 1058816K
  class space    used 1139K, capacity 1268K, committed 1280K, reserved 1048576K
}
Event: 0.655 GC heap before
{Heap before GC invocations=3 (full 0):
 garbage-first heap   total 65536K, used 47325K [0x00000000c1800000, 0x0000000100000000)
  region size 1024K, 13 young (13312K), 1 survivors (1024K)
 Metaspace       used 9284K, capacity 9576K, committed 9728K, reserved 1058816K
  class space    used 1139K, capacity 1268K, committed 1280K, reserved 1048576K
}
Event: 0.655 GC heap after
{Heap after GC invocations=4 (full 0):
 garbage-first heap   total 65536K, used 35973K [0x00000000c1800000, 0x0000000100000000)
  region size 1024K, 1 young (1024K), 1 survivors (1024K)
 Metaspace       used 9284K, capacity 9576K, committed 9728K, reserved 1058816K
  class space    used 1139K, capacity 1268K, committed 1280K, reserved 1048576K
}
Event: 0.837 GC heap before
{Heap before GC invocations=5 (full 0):
 garbage-first heap   total 66560K, used 46213K [0x00000000c1800000, 0x0000000100000000)
  region size 1024K, 13 young (13312K), 1 survivors (1024K)
 Metaspace       used 10517K, capacity 10855K, committed 11008K, reserved 1058816K
  class space    used 1294K, capacity 1440K, committed 1536K, reserved 1048576K
}
Event: 0.838 GC heap after
{Heap after GC invocations=6 (full 0):
 garbage-first heap   total 66560K, used 36091K [0x00000000c1800000, 0x0000000100000000)
  region size 1024K, 1 young (1024K), 1 survivors (1024K)
 Metaspace       used 10517K, capacity 10855K, committed 11008K, reserved 1058816K
  class space    used 1294K, capacity 1440K, committed 1536K, reserved 1048576K
}

