# JRE version: Java(TM) SE Runtime Environment (14.0.2+12) (build 14.0.2+12-46)
# Java VM: Java HotSpot(TM) 64-Bit Server VM (14.0.2+12-46, mixed mode, sharing, tiered, compressed oops, g1 gc, windows-amd64)
Heap:
 garbage-first heap   total 198656K, used 117240K [0x00000000c1800000, 0x0000000100000000)
  region size 1024K, 2 young (2048K), 1 survivors (1024K)
 Metaspace       used 9561K, capacity 9841K, committed 9984K, reserved 1058816K
  class space    used 1122K, capacity 1246K, committed 1280K, reserved 1048576K
GC Heap History (12 events):
Event: 0.684 GC heap before
{Heap before GC invocations=0 (full 0):
 garbage-first heap   total 65536K, used 10240K [0x00000000c1800000, 0x0000000100000000)
  region size 1024K, 8 young (8192K), 0 survivors (0K)
 Metaspace       used 7500K, capacity 7811K, committed 8064K, reserved 1056768K
  class space    used 891K, capacity 1037K, committed 1152K, reserved 1048576K
}
Event: 0.689 GC heap after
{Heap after GC invocations=1 (full 0):
 garbage-first heap   total 65536K, used 5990K [0x00000000c1800000, 0x0000000100000000)
  region size 1024K, 2 young (2048K), 2 survivors (2048K)
 Metaspace       used 7500K, capacity 7811K, committed 8064K, reserved 1056768K
  class space    used 891K, capacity 1037K, committed 1152K, reserved 1048576K
}
Event: 0.877 GC heap before
{Heap before GC invocations=2 (full 0):
 garbage-first heap   total 173056K, used 111462K [0x00000000c1800000, 0x0000000100000000)
  region size 1024K, 11 young (11264K), 2 survivors (2048K)
 Metaspace       used 7619K, capacity 7940K, committed 8064K, reserved 1056768K
  class space    used 897K, capacity 1037K, committed 1152K, reserved 1048576K
}
Event: 0.880 GC heap after
{Heap after GC invocations=3 (full 0):
 garbage-first heap   total 173056K, used 103607K [0x00000000c1800000, 0x0000000100000000)
  region size 1024K, 1 young (1024K), 1 survivors (1024K)
 Metaspace       used 7619K, capacity 7940K, committed 8064K, reserved 1056768K
  class space    used 897K, capacity 1037K, committed 1152K, reserved 1048576K
}
Event: 1.162 GC heap before
{Heap before GC invocations=3 (full 0):
 garbage-first heap   total 173056K, used 144567K [0x00000000c1800000, 0x0000000100000000)
  region size 1024K, 42 young (43008K), 1 survivors (1024K)
 Metaspace       used 7630K, capacity 7942K, committed 8064K, reserved 1056768K
  class space    used 897K, capacity 1037K, committed 1152K, reserved 1048576K
}
Event: 1.162 GC heap after
{Heap after GC invocations=4 (full 0):
 garbage-first heap   total 173056K, used 103417K [0x00000000c1800000, 0x0000000100000000)
  region size 1024K, 1 young (1024K), 1 survivors (1024K)
 Metaspace       used 7630K, capacity 7942K, committed 8064K, reserved 1056768K
  class space    used 897K, capacity 1037K, committed 1152K, reserved 1048576K
}
Event: 1.425 GC heap before
{Heap before GC invocations=5 (full 0):
 garbage-first heap   total 176128K, used 149497K [0x00000000c1800000, 0x0000000100000000)
  region size 1024K, 46 young (47104K), 1 survivors (1024K)
 Metaspace       used 7644K, capacity 7942K, committed 8064K, reserved 1056768K
  class space    used 897K, capacity 1037K, committed 1152K, reserved 1048576K
}
Event: 1.426 GC heap after
{Heap after GC invocations=6 (full 0):
 garbage-first heap   total 176128K, used 103375K [0x00000000c1800000, 0x0000000100000000)
  region size 1024K, 1 young (1024K), 1 survivors (1024K)
 Metaspace       used 7644K, capacity 7942K, committed 8064K, reserved 1056768K
  class space    used 897K, capacity 1037K, committed 1152K, reserved 1048576K
}
Event: 1.495 GC heap before
{Heap before GC invocations=6 (full 0):
 garbage-first heap   total 176128K, used 103375K [0x00000000c1800000, 0x0000000100000000)
  region size 1024K, 2 young (2048K), 1 survivors (1024K)
 Metaspace       used 8840K, capacity 9127K, committed 9472K, reserved 1056768K
  class space    used 1048K, capacity 1178K, committed 1280K, reserved 1048576K
}
Event: 1.496 GC heap after
{Heap after GC invocations=7 (full 0):
 garbage-first heap   total 176128K, used 103534K [0x00000000c1800000, 0x0000000100000000)
  region size 1024K, 1 young (1024K), 1 survivors (1024K)
 Metaspace       used 8840K, capacity 9127K, committed 9472K, reserved 1056768K
  class space    used 1048K, capacity 1178K, committed 1280K, reserved 1048576K
}
Event: 1.912 GC heap before
{Heap before GC invocations=8 (full 0):
 garbage-first heap   total 184320K, used 110702K [0x00000000c1800000, 0x0000000100000000)
  region size 1024K, 4 young (4096K), 1 survivors (1024K)
 Metaspace       used 9560K, capacity 9841K, committed 9984K, reserved 1058816K
  class space    used 1122K, capacity 1246K, committed 1280K, reserved 1048576K
}
Event: 1.913 GC heap after
{Heap after GC invocations=9 (full 0):
 garbage-first heap   total 184320K, used 109048K [0x00000000c1800000, 0x0000000100000000)
  region size 1024K, 1 young (1024K), 1 survivors (1024K)
 Metaspace       used 9560K, capacity 9841K, committed 9984K, reserved 1058816K
  class space    used 1122K, capacity 1246K, committed 1280K, reserved 1048576K
}

