# JRE version: Java(TM) SE Runtime Environment (14.0.2+12) (build 14.0.2+12-46)
# Java VM: Java HotSpot(TM) 64-Bit Server VM (14.0.2+12-46, mixed mode, sharing, tiered, compressed oops, g1 gc, windows-amd64)
Heap:
 garbage-first heap   total 299008K, used 211180K [0x00000000c1800000, 0x0000000100000000)
  region size 1024K, 36 young (36864K), 2 survivors (2048K)
 Metaspace       used 12686K, capacity 13008K, committed 13184K, reserved 1060864K
  class space    used 1503K, capacity 1641K, committed 1664K, reserved 1048576K
GC Heap History (16 events):
Event: 0.422 GC heap before
{Heap before GC invocations=0 (full 0):
 garbage-first heap   total 65536K, used 10240K [0x00000000c1800000, 0x0000000100000000)
  region size 1024K, 8 young (8192K), 0 survivors (0K)
 Metaspace       used 7497K, capacity 7808K, committed 8064K, reserved 1056768K
  class space    used 891K, capacity 1037K, committed 1152K, reserved 1048576K
}
Event: 0.426 GC heap after
{Heap after GC invocations=1 (full 0):
 garbage-first heap   total 65536K, used 5990K [0x00000000c1800000, 0x0000000100000000)
  region size 1024K, 2 young (2048K), 2 survivors (2048K)
 Metaspace       used 7497K, capacity 7808K, committed 8064K, reserved 1056768K
  class space    used 891K, capacity 1037K, committed 1152K, reserved 1048576K
}
Event: 0.633 GC heap before
{Heap before GC invocations=2 (full 0):
 garbage-first heap   total 173056K, used 111462K [0x00000000c1800000, 0x0000000100000000)
  region size 1024K, 11 young (11264K), 2 survivors (2048K)
 Metaspace       used 7617K, capacity 7936K, committed 8064K, reserved 1056768K
  class space    used 897K, capacity 1037K, committed 1152K, reserved 1048576K
}
Event: 0.636 GC heap after
{Heap after GC invocations=3 (full 0):
 garbage-first heap   total 173056K, used 103620K [0x00000000c1800000, 0x0000000100000000)
  region size 1024K, 1 young (1024K), 1 survivors (1024K)
 Metaspace       used 7617K, capacity 7936K, committed 8064K, reserved 1056768K
  class space    used 897K, capacity 1037K, committed 1152K, reserved 1048576K
}
Event: 0.839 GC heap before
{Heap before GC invocations=3 (full 0):
 garbage-first heap   total 173056K, used 144580K [0x00000000c1800000, 0x0000000100000000)
  region size 1024K, 42 young (43008K), 1 survivors (1024K)
 Metaspace       used 7627K, capacity 7939K, committed 8064K, reserved 1056768K
  class space    used 897K, capacity 1037K, committed 1152K, reserved 1048576K
}
Event: 0.839 GC heap after
{Heap after GC invocations=4 (full 0):
 garbage-first heap   total 173056K, used 103430K [0x00000000c1800000, 0x0000000100000000)
  region size 1024K, 1 young (1024K), 1 survivors (1024K)
 Metaspace       used 7627K, capacity 7939K, committed 8064K, reserved 1056768K
  class space    used 897K, capacity 1037K, committed 1152K, reserved 1048576K
}
Event: 1.067 GC heap before
{Heap before GC invocations=5 (full 0):
 garbage-first heap   total 178176K, used 149510K [0x00000000c1800000, 0x0000000100000000)
  region size 1024K, 46 young (47104K), 1 survivors (1024K)
 Metaspace       used 7642K, capacity 7939K, committed 8064K, reserved 1056768K
  class space    used 897K, capacity 1037K, committed 1152K, reserved 1048576K
}
Event: 1.068 GC heap after
{Heap after GC invocations=6 (full 0):
 garbage-first heap   total 178176K, used 103388K [0x00000000c1800000, 0x0000000100000000)
  region size 1024K, 1 young (1024K), 1 survivors (1024K)
 Metaspace       used 7642K, capacity 7939K, committed 8064K, reserved 1056768K
  class space    used 897K, capacity 1037K, committed 1152K, reserved 1048576K
}
Event: 1.132 GC heap before
{Heap before GC invocations=6 (full 0):
 garbage-first heap   total 178176K, used 104412K [0x00000000c1800000, 0x0000000100000000)
  region size 1024K, 3 young (3072K), 1 survivors (1024K)
 Metaspace       used 8842K, capacity 9124K, committed 9472K, reserved 1056768K
  class space    used 1048K, capacity 1178K, committed 1280K, reserved 1048576K
}
Event: 1.133 GC heap after
{Heap after GC invocations=7 (full 0):
 garbage-first heap   total 178176K, used 103546K [0x00000000c1800000, 0x0000000100000000)
  region size 1024K, 1 young (1024K), 1 survivors (1024K)
 Metaspace       used 8842K, capacity 9124K, committed 9472K, reserved 1056768K
  class space    used 1048K, capacity 1178K, committed 1280K, reserved 1048576K
}
Event: 3.239 GC heap before
{Heap before GC invocations=8 (full 0):
 garbage-first heap   total 184320K, used 110714K [0x00000000c1800000, 0x0000000100000000)
  region size 1024K, 4 young (4096K), 1 survivors (1024K)
 Metaspace       used 11465K, capacity 11758K, committed 12032K, reserved 1060864K
  class space    used 1376K, capacity 1501K, committed 1536K, reserved 1048576K
}
Event: 3.241 GC heap after
{Heap after GC invocations=9 (full 0):
 garbage-first heap   total 184320K, used 109436K [0x00000000c1800000, 0x0000000100000000)
  region size 1024K, 1 young (1024K), 1 survivors (1024K)
 Metaspace       used 11465K, capacity 11758K, committed 12032K, reserved 1060864K
  class space    used 1376K, capacity 1501K, committed 1536K, reserved 1048576K
}
Event: 6.821 GC heap before
{Heap before GC invocations=10 (full 0):
 garbage-first heap   total 237568K, used 179068K [0x00000000c1800000, 0x0000000100000000)
  region size 1024K, 38 young (38912K), 1 survivors (1024K)
 Metaspace       used 12468K, capacity 12720K, committed 12928K, reserved 1060864K
  class space    used 1490K, capacity 1609K, committed 1664K, reserved 1048576K
}
Event: 6.823 GC heap after
{Heap after GC invocations=11 (full 0):
 garbage-first heap   total 237568K, used 142574K [0x00000000c1800000, 0x0000000100000000)
  region size 1024K, 2 young (2048K), 2 survivors (2048K)
 Metaspace       used 12468K, capacity 12720K, committed 12928K, reserved 1060864K
  class space    used 1490K, capacity 1609K, committed 1664K, reserved 1048576K
}
Event: 6.838 GC heap before
{Heap before GC invocations=12 (full 0):
 garbage-first heap   total 244736K, used 144622K [0x00000000c1800000, 0x0000000100000000)
  region size 1024K, 3 young (3072K), 2 survivors (2048K)
 Metaspace       used 12469K, capacity 12784K, committed 12928K, reserved 1060864K
  class space    used 1490K, capacity 1609K, committed 1664K, reserved 1048576K
}
Event: 6.840 GC heap after
{Heap after GC invocations=13 (full 0):
 garbage-first heap   total 244736K, used 144620K [0x00000000c1800000, 0x0000000100000000)
  region size 1024K, 2 young (2048K), 2 survivors (2048K)
 Metaspace       used 12469K, capacity 12784K, committed 12928K, reserved 1060864K
  class space    used 1490K, capacity 1609K, committed 1664K, reserved 1048576K
}

